This file contains any messages produced by compilers while
running configure, to aid debugging if configure makes a mistake.

It was created by wsnet configure 0.7cvs, which was
generated by GNU Autoconf 2.63.  Invocation command line was

  $ ./configure 

## --------- ##
## Platform. ##
## --------- ##

hostname = jadamek1.cs.kent.edu
uname -m = i686
uname -r = 2.6.32-642.1.1.el6.i686
uname -s = Linux
uname -v = #1 SMP Tue May 31 20:41:01 UTC 2016

/usr/bin/uname -p = unknown
/bin/uname -X     = unknown

/bin/arch              = i686
/usr/bin/arch -k       = unknown
/usr/convex/getsysinfo = unknown
/usr/bin/hostinfo      = unknown
/bin/machine           = unknown
/usr/bin/oslevel       = unknown
/bin/universe          = unknown

PATH: /usr/lib/qt-3.3/bin
PATH: /usr/local/bin
PATH: /bin
PATH: /usr/bin
PATH: /usr/local/sbin
PATH: /usr/sbin
PATH: /sbin
PATH: /home/jadamek/bin


## ----------- ##
## Core tests. ##
## ----------- ##

configure:2081: checking build system type
configure:2099: result: i686-pc-linux-gnu
configure:2121: checking host system type
configure:2136: result: i686-pc-linux-gnu
configure:2158: checking target system type
configure:2173: result: i686-pc-linux-gnu
configure:2217: checking for a BSD-compatible install
configure:2285: result: /usr/bin/install -c
configure:2296: checking whether build environment is sane
configure:2356: result: yes
configure:2497: checking for a thread-safe mkdir -p
configure:2536: result: /bin/mkdir -p
configure:2549: checking for gawk
configure:2565: found /bin/gawk
configure:2576: result: gawk
configure:2587: checking whether make sets $(MAKE)
configure:2609: result: yes
configure:2730: checking for a BSD-compatible install
configure:2798: result: /usr/bin/install -c
configure:2850: checking for style of include used by make
configure:2878: result: GNU
configure:2948: checking for gcc
configure:2964: found /usr/bin/gcc
configure:2975: result: gcc
configure:3207: checking for C compiler version
configure:3215: gcc --version >&5
gcc (GCC) 4.4.7 20120313 (Red Hat 4.4.7-17)
Copyright (C) 2010 Free Software Foundation, Inc.
This is free software; see the source for copying conditions.  There is NO
warranty; not even for MERCHANTABILITY or FITNESS FOR A PARTICULAR PURPOSE.

configure:3219: $? = 0
configure:3226: gcc -v >&5
Using built-in specs.
Target: i686-redhat-linux
Configured with: ../configure --prefix=/usr --mandir=/usr/share/man --infodir=/usr/share/info --with-bugurl=http://bugzilla.redhat.com/bugzilla --enable-bootstrap --enable-shared --enable-threads=posix --enable-checking=release --with-system-zlib --enable-__cxa_atexit --disable-libunwind-exceptions --enable-gnu-unique-object --enable-languages=c,c++,objc,obj-c++,java,fortran,ada --enable-java-awt=gtk --disable-dssi --with-java-home=/usr/lib/jvm/java-1.5.0-gcj-1.5.0.0/jre --enable-libgcj-multifile --enable-java-maintainer-mode --with-ecj-jar=/usr/share/java/eclipse-ecj.jar --disable-libjava-multilib --with-ppl --with-cloog --with-tune=generic --with-arch=i686 --build=i686-redhat-linux
Thread model: posix
gcc version 4.4.7 20120313 (Red Hat 4.4.7-17) (GCC) 
configure:3230: $? = 0
configure:3237: gcc -V >&5
gcc: '-V' option must have argument
configure:3241: $? = 1
configure:3264: checking for C compiler default output file name
configure:3286: gcc -O2 -I/usr/local/wsnet-2.0    conftest.c  >&5
configure:3290: $? = 0
configure:3328: result: a.out
configure:3347: checking whether the C compiler works
configure:3357: ./a.out
configure:3361: $? = 0
configure:3380: result: yes
configure:3387: checking whether we are cross compiling
configure:3389: result: no
configure:3392: checking for suffix of executables
configure:3399: gcc -o conftest -O2 -I/usr/local/wsnet-2.0    conftest.c  >&5
configure:3403: $? = 0
configure:3429: result: 
configure:3435: checking for suffix of object files
configure:3461: gcc -c -O2 -I/usr/local/wsnet-2.0   conftest.c >&5
configure:3465: $? = 0
configure:3490: result: o
configure:3494: checking whether we are using the GNU C compiler
configure:3523: gcc -c -O2 -I/usr/local/wsnet-2.0   conftest.c >&5
configure:3530: $? = 0
configure:3547: result: yes
configure:3556: checking whether gcc accepts -g
configure:3586: gcc -c -g  conftest.c >&5
configure:3593: $? = 0
configure:3694: result: yes
configure:3711: checking for gcc option to accept ISO C89
configure:3785: gcc  -c -O2 -I/usr/local/wsnet-2.0   conftest.c >&5
configure:3792: $? = 0
configure:3815: result: none needed
configure:3835: checking dependency style of gcc
configure:3945: result: gcc3
configure:3960: checking for a sed that does not truncate output
configure:4026: result: /bin/sed
configure:4044: checking for grep that handles long lines and -e
configure:4104: result: /bin/grep
configure:4109: checking for egrep
configure:4173: result: /bin/grep -E
configure:4178: checking for fgrep
configure:4242: result: /bin/grep -F
configure:4277: checking for ld used by gcc
configure:4344: result: /usr/bin/ld
configure:4353: checking if the linker (/usr/bin/ld) is GNU ld
configure:4368: result: yes
configure:4380: checking for BSD- or MS-compatible name lister (nm)
configure:4429: result: /usr/bin/nm -B
configure:4547: checking the name lister (/usr/bin/nm -B) interface
configure:4554: gcc -c -O2 -I/usr/local/wsnet-2.0   conftest.c >&5
configure:4557: /usr/bin/nm -B "conftest.o"
configure:4560: output
00000000 B some_variable
configure:4567: result: BSD nm
configure:4570: checking whether ln -s works
configure:4574: result: yes
configure:4582: checking the maximum length of command line arguments
configure:4702: result: 1966080
configure:4719: checking whether the shell understands some XSI constructs
configure:4729: result: yes
configure:4733: checking whether the shell understands "+="
configure:4739: result: yes
configure:4774: checking for /usr/bin/ld option to reload object files
configure:4781: result: -r
configure:4850: checking for objdump
configure:4866: found /usr/bin/objdump
configure:4877: result: objdump
configure:4909: checking how to recognize dependent libraries
configure:5105: result: pass_all
configure:5165: checking for ar
configure:5181: found /usr/bin/ar
configure:5192: result: ar
configure:5270: checking for strip
configure:5286: found /usr/bin/strip
configure:5297: result: strip
configure:5369: checking for ranlib
configure:5385: found /usr/bin/ranlib
configure:5396: result: ranlib
configure:5486: checking command to parse /usr/bin/nm -B output from gcc object
configure:5604: gcc -c -O2 -I/usr/local/wsnet-2.0   conftest.c >&5
configure:5607: $? = 0
configure:5611: /usr/bin/nm -B conftest.o \| sed -n -e 's/^.*[	 ]\([ABCDGIRSTW][ABCDGIRSTW]*\)[	 ][	 ]*\([_A-Za-z][_A-Za-z0-9]*\)$/\1 \2 \2/p' \> conftest.nm
configure:5614: $? = 0
configure:5668: gcc -o conftest -O2 -I/usr/local/wsnet-2.0    conftest.c conftstm.o >&5
configure:5671: $? = 0
configure:5709: result: ok
configure:6576: checking how to run the C preprocessor
configure:6616: gcc -E  conftest.c
configure:6623: $? = 0
configure:6654: gcc -E  conftest.c
conftest.c:10:28: error: ac_nonexistent.h: No such file or directory
configure:6661: $? = 1
configure: failed program was:
| /* confdefs.h.  */
| #define PACKAGE_NAME "wsnet"
| #define PACKAGE_TARNAME "wsnet"
| #define PACKAGE_VERSION "0.7cvs"
| #define PACKAGE_STRING "wsnet 0.7cvs"
| #define PACKAGE_BUGREPORT ""
| #define PACKAGE "wsnet"
| #define VERSION "0.7cvs"
| /* end confdefs.h.  */
| #include <ac_nonexistent.h>
configure:6694: result: gcc -E
configure:6723: gcc -E  conftest.c
configure:6730: $? = 0
configure:6761: gcc -E  conftest.c
conftest.c:10:28: error: ac_nonexistent.h: No such file or directory
configure:6768: $? = 1
configure: failed program was:
| /* confdefs.h.  */
| #define PACKAGE_NAME "wsnet"
| #define PACKAGE_TARNAME "wsnet"
| #define PACKAGE_VERSION "0.7cvs"
| #define PACKAGE_STRING "wsnet 0.7cvs"
| #define PACKAGE_BUGREPORT ""
| #define PACKAGE "wsnet"
| #define VERSION "0.7cvs"
| /* end confdefs.h.  */
| #include <ac_nonexistent.h>
configure:6808: checking for ANSI C header files
configure:6838: gcc -c -O2 -I/usr/local/wsnet-2.0   conftest.c >&5
configure:6845: $? = 0
configure:6944: gcc -o conftest -O2 -I/usr/local/wsnet-2.0    conftest.c  >&5
configure:6948: $? = 0
configure:6954: ./conftest
configure:6958: $? = 0
configure:6976: result: yes
configure:7000: checking for sys/types.h
configure:7021: gcc -c -O2 -I/usr/local/wsnet-2.0   conftest.c >&5
configure:7028: $? = 0
configure:7045: result: yes
configure:7000: checking for sys/stat.h
configure:7021: gcc -c -O2 -I/usr/local/wsnet-2.0   conftest.c >&5
configure:7028: $? = 0
configure:7045: result: yes
configure:7000: checking for stdlib.h
configure:7021: gcc -c -O2 -I/usr/local/wsnet-2.0   conftest.c >&5
configure:7028: $? = 0
configure:7045: result: yes
configure:7000: checking for string.h
configure:7021: gcc -c -O2 -I/usr/local/wsnet-2.0   conftest.c >&5
configure:7028: $? = 0
configure:7045: result: yes
configure:7000: checking for memory.h
configure:7021: gcc -c -O2 -I/usr/local/wsnet-2.0   conftest.c >&5
configure:7028: $? = 0
configure:7045: result: yes
configure:7000: checking for strings.h
configure:7021: gcc -c -O2 -I/usr/local/wsnet-2.0   conftest.c >&5
configure:7028: $? = 0
configure:7045: result: yes
configure:7000: checking for inttypes.h
configure:7021: gcc -c -O2 -I/usr/local/wsnet-2.0   conftest.c >&5
configure:7028: $? = 0
configure:7045: result: yes
configure:7000: checking for stdint.h
configure:7021: gcc -c -O2 -I/usr/local/wsnet-2.0   conftest.c >&5
configure:7028: $? = 0
configure:7045: result: yes
configure:7000: checking for unistd.h
configure:7021: gcc -c -O2 -I/usr/local/wsnet-2.0   conftest.c >&5
configure:7028: $? = 0
configure:7045: result: yes
configure:7063: checking for dlfcn.h
configure:7084: gcc -c -O2 -I/usr/local/wsnet-2.0   conftest.c >&5
configure:7091: $? = 0
configure:7108: result: yes
configure:7292: checking for objdir
configure:7307: result: .libs
configure:7599: checking if gcc supports -fno-rtti -fno-exceptions
configure:7617: gcc -c -O2 -I/usr/local/wsnet-2.0   -fno-rtti -fno-exceptions conftest.c >&5
cc1: warning: command line option "-fno-rtti" is valid for C++/ObjC++ but not for C
configure:7621: $? = 0
configure:7634: result: no
configure:7654: checking for gcc option to produce PIC
configure:7926: result: -fPIC -DPIC
configure:7938: checking if gcc PIC flag -fPIC -DPIC works
configure:7956: gcc -c -O2 -I/usr/local/wsnet-2.0   -fPIC -DPIC -DPIC conftest.c >&5
configure:7960: $? = 0
configure:7973: result: yes
configure:7997: checking if gcc static flag -static works
configure:8025: result: no
configure:8040: checking if gcc supports -c -o file.o
configure:8061: gcc -c -O2 -I/usr/local/wsnet-2.0   -o out/conftest2.o conftest.c >&5
configure:8065: $? = 0
configure:8087: result: yes
configure:8095: checking if gcc supports -c -o file.o
configure:8142: result: yes
configure:8175: checking whether the gcc linker (/usr/bin/ld) supports shared libraries
configure:9249: result: yes
configure:9286: checking whether -lc should be explicitly linked in
configure:9291: gcc -c -O2 -I/usr/local/wsnet-2.0   conftest.c >&5
configure:9294: $? = 0
configure:9309: gcc -shared conftest.o  -v -Wl,-soname -Wl,conftest -o conftest 2\>\&1 \| /bin/grep  -lc  \>/dev/null 2\>\&1
configure:9312: $? = 0
configure:9324: result: no
configure:9488: checking dynamic linker characteristics
configure:9931: gcc -o conftest -O2 -I/usr/local/wsnet-2.0    -Wl,-rpath -Wl,/foo conftest.c  >&5
configure:9938: $? = 0
configure:10174: result: GNU/Linux ld.so
configure:10276: checking how to hardcode library paths into programs
configure:10301: result: immediate
configure:10424: checking for shl_load
configure:10480: gcc -o conftest -O2 -I/usr/local/wsnet-2.0    conftest.c  >&5
/tmp/ccfXkrSi.o: In function `main':
conftest.c:(.text+0x7): undefined reference to `shl_load'
collect2: ld returned 1 exit status
configure:10487: $? = 1
configure: failed program was:
| /* confdefs.h.  */
| #define PACKAGE_NAME "wsnet"
| #define PACKAGE_TARNAME "wsnet"
| #define PACKAGE_VERSION "0.7cvs"
| #define PACKAGE_STRING "wsnet 0.7cvs"
| #define PACKAGE_BUGREPORT ""
| #define PACKAGE "wsnet"
| #define VERSION "0.7cvs"
| #define STDC_HEADERS 1
| #define HAVE_SYS_TYPES_H 1
| #define HAVE_SYS_STAT_H 1
| #define HAVE_STDLIB_H 1
| #define HAVE_STRING_H 1
| #define HAVE_MEMORY_H 1
| #define HAVE_STRINGS_H 1
| #define HAVE_INTTYPES_H 1
| #define HAVE_STDINT_H 1
| #define HAVE_UNISTD_H 1
| #define HAVE_DLFCN_H 1
| #define LT_OBJDIR ".libs/"
| /* end confdefs.h.  */
| /* Define shl_load to an innocuous variant, in case <limits.h> declares shl_load.
|    For example, HP-UX 11i <limits.h> declares gettimeofday.  */
| #define shl_load innocuous_shl_load
| 
| /* System header to define __stub macros and hopefully few prototypes,
|     which can conflict with char shl_load (); below.
|     Prefer <limits.h> to <assert.h> if __STDC__ is defined, since
|     <limits.h> exists even on freestanding compilers.  */
| 
| #ifdef __STDC__
| # include <limits.h>
| #else
| # include <assert.h>
| #endif
| 
| #undef shl_load
| 
| /* Override any GCC internal prototype to avoid an error.
|    Use char because int might match the return type of a GCC
|    builtin and then its argument prototype would still apply.  */
| #ifdef __cplusplus
| extern "C"
| #endif
| char shl_load ();
| /* The GNU C library defines this for functions which it implements
|     to always fail with ENOSYS.  Some functions are actually named
|     something starting with __ and the normal name is an alias.  */
| #if defined __stub_shl_load || defined __stub___shl_load
| choke me
| #endif
| 
| int
| main ()
| {
| return shl_load ();
|   ;
|   return 0;
| }
configure:10507: result: no
configure:10512: checking for shl_load in -ldld
configure:10547: gcc -o conftest -O2 -I/usr/local/wsnet-2.0    conftest.c -ldld   >&5
/usr/bin/ld: cannot find -ldld
collect2: ld returned 1 exit status
configure:10554: $? = 1
configure: failed program was:
| /* confdefs.h.  */
| #define PACKAGE_NAME "wsnet"
| #define PACKAGE_TARNAME "wsnet"
| #define PACKAGE_VERSION "0.7cvs"
| #define PACKAGE_STRING "wsnet 0.7cvs"
| #define PACKAGE_BUGREPORT ""
| #define PACKAGE "wsnet"
| #define VERSION "0.7cvs"
| #define STDC_HEADERS 1
| #define HAVE_SYS_TYPES_H 1
| #define HAVE_SYS_STAT_H 1
| #define HAVE_STDLIB_H 1
| #define HAVE_STRING_H 1
| #define HAVE_MEMORY_H 1
| #define HAVE_STRINGS_H 1
| #define HAVE_INTTYPES_H 1
| #define HAVE_STDINT_H 1
| #define HAVE_UNISTD_H 1
| #define HAVE_DLFCN_H 1
| #define LT_OBJDIR ".libs/"
| /* end confdefs.h.  */
| 
| /* Override any GCC internal prototype to avoid an error.
|    Use char because int might match the return type of a GCC
|    builtin and then its argument prototype would still apply.  */
| #ifdef __cplusplus
| extern "C"
| #endif
| char shl_load ();
| int
| main ()
| {
| return shl_load ();
|   ;
|   return 0;
| }
configure:10575: result: no
configure:10580: checking for dlopen
configure:10636: gcc -o conftest -O2 -I/usr/local/wsnet-2.0    conftest.c  >&5
/tmp/ccVCEFbl.o: In function `main':
conftest.c:(.text+0x7): undefined reference to `dlopen'
collect2: ld returned 1 exit status
configure:10643: $? = 1
configure: failed program was:
| /* confdefs.h.  */
| #define PACKAGE_NAME "wsnet"
| #define PACKAGE_TARNAME "wsnet"
| #define PACKAGE_VERSION "0.7cvs"
| #define PACKAGE_STRING "wsnet 0.7cvs"
| #define PACKAGE_BUGREPORT ""
| #define PACKAGE "wsnet"
| #define VERSION "0.7cvs"
| #define STDC_HEADERS 1
| #define HAVE_SYS_TYPES_H 1
| #define HAVE_SYS_STAT_H 1
| #define HAVE_STDLIB_H 1
| #define HAVE_STRING_H 1
| #define HAVE_MEMORY_H 1
| #define HAVE_STRINGS_H 1
| #define HAVE_INTTYPES_H 1
| #define HAVE_STDINT_H 1
| #define HAVE_UNISTD_H 1
| #define HAVE_DLFCN_H 1
| #define LT_OBJDIR ".libs/"
| /* end confdefs.h.  */
| /* Define dlopen to an innocuous variant, in case <limits.h> declares dlopen.
|    For example, HP-UX 11i <limits.h> declares gettimeofday.  */
| #define dlopen innocuous_dlopen
| 
| /* System header to define __stub macros and hopefully few prototypes,
|     which can conflict with char dlopen (); below.
|     Prefer <limits.h> to <assert.h> if __STDC__ is defined, since
|     <limits.h> exists even on freestanding compilers.  */
| 
| #ifdef __STDC__
| # include <limits.h>
| #else
| # include <assert.h>
| #endif
| 
| #undef dlopen
| 
| /* Override any GCC internal prototype to avoid an error.
|    Use char because int might match the return type of a GCC
|    builtin and then its argument prototype would still apply.  */
| #ifdef __cplusplus
| extern "C"
| #endif
| char dlopen ();
| /* The GNU C library defines this for functions which it implements
|     to always fail with ENOSYS.  Some functions are actually named
|     something starting with __ and the normal name is an alias.  */
| #if defined __stub_dlopen || defined __stub___dlopen
| choke me
| #endif
| 
| int
| main ()
| {
| return dlopen ();
|   ;
|   return 0;
| }
configure:10663: result: no
configure:10668: checking for dlopen in -ldl
configure:10703: gcc -o conftest -O2 -I/usr/local/wsnet-2.0    conftest.c -ldl   >&5
configure:10710: $? = 0
configure:10731: result: yes
configure:10908: checking whether a program can dlopen itself
configure:10978: gcc -o conftest -O2 -I/usr/local/wsnet-2.0   -DHAVE_DLFCN_H  -Wl,--export-dynamic conftest.c -ldl  >&5
configure:10981: $? = 0
configure:10999: result: yes
configure:11004: checking whether a statically linked program can dlopen itself
configure:11074: gcc -o conftest -O2 -I/usr/local/wsnet-2.0   -DHAVE_DLFCN_H  -Wl,--export-dynamic  conftest.c -ldl  >&5
configure:11077: $? = 0
configure:11095: result: yes
configure:11134: checking whether stripping libraries is possible
configure:11139: result: yes
configure:11174: checking if libtool supports shared libraries
configure:11176: result: yes
configure:11179: checking whether to build shared libraries
configure:11200: result: yes
configure:11203: checking whether to build static libraries
configure:11207: result: yes
configure:11290: checking for gcc
configure:11317: result: gcc
configure:11549: checking for C compiler version
configure:11557: gcc --version >&5
gcc (GCC) 4.4.7 20120313 (Red Hat 4.4.7-17)
Copyright (C) 2010 Free Software Foundation, Inc.
This is free software; see the source for copying conditions.  There is NO
warranty; not even for MERCHANTABILITY or FITNESS FOR A PARTICULAR PURPOSE.

configure:11561: $? = 0
configure:11568: gcc -v >&5
Using built-in specs.
Target: i686-redhat-linux
Configured with: ../configure --prefix=/usr --mandir=/usr/share/man --infodir=/usr/share/info --with-bugurl=http://bugzilla.redhat.com/bugzilla --enable-bootstrap --enable-shared --enable-threads=posix --enable-checking=release --with-system-zlib --enable-__cxa_atexit --disable-libunwind-exceptions --enable-gnu-unique-object --enable-languages=c,c++,objc,obj-c++,java,fortran,ada --enable-java-awt=gtk --disable-dssi --with-java-home=/usr/lib/jvm/java-1.5.0-gcj-1.5.0.0/jre --enable-libgcj-multifile --enable-java-maintainer-mode --with-ecj-jar=/usr/share/java/eclipse-ecj.jar --disable-libjava-multilib --with-ppl --with-cloog --with-tune=generic --with-arch=i686 --build=i686-redhat-linux
Thread model: posix
gcc version 4.4.7 20120313 (Red Hat 4.4.7-17) (GCC) 
configure:11572: $? = 0
configure:11579: gcc -V >&5
gcc: '-V' option must have argument
configure:11583: $? = 1
configure:11586: checking whether we are using the GNU C compiler
configure:11639: result: yes
configure:11648: checking whether gcc accepts -g
configure:11786: result: yes
configure:11803: checking for gcc option to accept ISO C89
configure:11907: result: none needed
configure:11927: checking dependency style of gcc
configure:12037: result: gcc3
configure:12053: checking whether gcc and cc understand -c and -o together
configure:12088: gcc -c conftest.c -o conftest2.o >&5
configure:12092: $? = 0
configure:12098: gcc -c conftest.c -o conftest2.o >&5
configure:12102: $? = 0
configure:12113: cc -c conftest.c >&5
configure:12117: $? = 0
configure:12125: cc -c conftest.c -o conftest2.o >&5
configure:12129: $? = 0
configure:12135: cc -c conftest.c -o conftest2.o >&5
configure:12139: $? = 0
configure:12157: result: yes
configure:12197: checking for pkg-config
configure:12216: found /usr/bin/pkg-config
configure:12228: result: /usr/bin/pkg-config
configure:12385: creating ./config.status

## ---------------------- ##
## Running config.status. ##
## ---------------------- ##

This file was extended by wsnet config.status 0.7cvs, which was
generated by GNU Autoconf 2.63.  Invocation command line was

  CONFIG_FILES    = 
  CONFIG_HEADERS  = 
  CONFIG_LINKS    = 
  CONFIG_COMMANDS = 
  $ ./config.status 

on jadamek1.cs.kent.edu

config.status:992: creating Makefile
config.status:992: creating config.h
config.status:1214: config.h is unchanged
config.status:1266: executing depfiles commands
config.status:1266: executing libtool commands

## ---------------- ##
## Cache variables. ##
## ---------------- ##

ac_cv_build=i686-pc-linux-gnu
ac_cv_c_compiler_gnu=yes
ac_cv_env_CC_set=
ac_cv_env_CC_value=
ac_cv_env_CFLAGS_set=
ac_cv_env_CFLAGS_value=
ac_cv_env_CPPFLAGS_set=
ac_cv_env_CPPFLAGS_value=
ac_cv_env_CPP_set=
ac_cv_env_CPP_value=
ac_cv_env_GLIB_FLAGS_set=
ac_cv_env_GLIB_FLAGS_value=
ac_cv_env_GLIB_LIBS_set=
ac_cv_env_GLIB_LIBS_value=
ac_cv_env_LDFLAGS_set=
ac_cv_env_LDFLAGS_value=
ac_cv_env_LIBS_set=
ac_cv_env_LIBS_value=
ac_cv_env_PKG_CONFIG_DIR_set=
ac_cv_env_PKG_CONFIG_DIR_value=
ac_cv_env_WSNET_DIR_set=
ac_cv_env_WSNET_DIR_value=
ac_cv_env_build_alias_set=
ac_cv_env_build_alias_value=
ac_cv_env_host_alias_set=
ac_cv_env_host_alias_value=
ac_cv_env_target_alias_set=
ac_cv_env_target_alias_value=
ac_cv_func_dlopen=no
ac_cv_func_shl_load=no
ac_cv_header_dlfcn_h=yes
ac_cv_header_inttypes_h=yes
ac_cv_header_memory_h=yes
ac_cv_header_stdc=yes
ac_cv_header_stdint_h=yes
ac_cv_header_stdlib_h=yes
ac_cv_header_string_h=yes
ac_cv_header_strings_h=yes
ac_cv_header_sys_stat_h=yes
ac_cv_header_sys_types_h=yes
ac_cv_header_unistd_h=yes
ac_cv_host=i686-pc-linux-gnu
ac_cv_lib_dl_dlopen=yes
ac_cv_lib_dld_shl_load=no
ac_cv_objext=o
ac_cv_path_EGREP='/bin/grep -E'
ac_cv_path_FGREP='/bin/grep -F'
ac_cv_path_GREP=/bin/grep
ac_cv_path_PKG_CONFIG=/usr/bin/pkg-config
ac_cv_path_SED=/bin/sed
ac_cv_path_install='/usr/bin/install -c'
ac_cv_path_mkdir=/bin/mkdir
ac_cv_prog_AWK=gawk
ac_cv_prog_CPP='gcc -E'
ac_cv_prog_ac_ct_AR=ar
ac_cv_prog_ac_ct_CC=gcc
ac_cv_prog_ac_ct_OBJDUMP=objdump
ac_cv_prog_ac_ct_RANLIB=ranlib
ac_cv_prog_ac_ct_STRIP=strip
ac_cv_prog_cc_c89=
ac_cv_prog_cc_g=yes
ac_cv_prog_cc_gcc_c_o=yes
ac_cv_prog_make_make_set=yes
ac_cv_target=i686-pc-linux-gnu
am_cv_CC_dependencies_compiler_type=gcc3
lt_cv_deplibs_check_method=pass_all
lt_cv_dlopen=dlopen
lt_cv_dlopen_libs=-ldl
lt_cv_dlopen_self=yes
lt_cv_dlopen_self_static=yes
lt_cv_file_magic_cmd='$MAGIC_CMD'
lt_cv_file_magic_test_file=
lt_cv_ld_reload_flag=-r
lt_cv_nm_interface='BSD nm'
lt_cv_objdir=.libs
lt_cv_path_LD=/usr/bin/ld
lt_cv_path_NM='/usr/bin/nm -B'
lt_cv_prog_compiler_c_o=yes
lt_cv_prog_compiler_pic_works=yes
lt_cv_prog_compiler_rtti_exceptions=no
lt_cv_prog_compiler_static_works=no
lt_cv_prog_gnu_ld=yes
lt_cv_sys_global_symbol_pipe='sed -n -e '\''s/^.*[	 ]\([ABCDGIRSTW][ABCDGIRSTW]*\)[	 ][	 ]*\([_A-Za-z][_A-Za-z0-9]*\)$/\1 \2 \2/p'\'''
lt_cv_sys_global_symbol_to_c_name_address='sed -n -e '\''s/^: \([^ ]*\) $/  {\"\1\", (void *) 0},/p'\'' -e '\''s/^[ABCDGIRSTW]* \([^ ]*\) \([^ ]*\)$/  {"\2", (void *) \&\2},/p'\'''
lt_cv_sys_global_symbol_to_c_name_address_lib_prefix='sed -n -e '\''s/^: \([^ ]*\) $/  {\"\1\", (void *) 0},/p'\'' -e '\''s/^[ABCDGIRSTW]* \([^ ]*\) \(lib[^ ]*\)$/  {"\2", (void *) \&\2},/p'\'' -e '\''s/^[ABCDGIRSTW]* \([^ ]*\) \([^ ]*\)$/  {"lib\2", (void *) \&\2},/p'\'''
lt_cv_sys_global_symbol_to_cdecl='sed -n -e '\''s/^T .* \(.*\)$/extern int \1();/p'\'' -e '\''s/^[ABCDGIRSTW]* .* \(.*\)$/extern char \1;/p'\'''
lt_cv_sys_max_cmd_len=1966080

## ----------------- ##
## Output variables. ##
## ----------------- ##

ACLOCAL='${SHELL} /home/jadamek/WSNet/sfspg_g/missing --run aclocal-1.11'
AMDEPBACKSLASH='\'
AMDEP_FALSE='#'
AMDEP_TRUE=''
AMTAR='${SHELL} /home/jadamek/WSNet/sfspg_g/missing --run tar'
AR='ar'
AUTOCONF='${SHELL} /home/jadamek/WSNet/sfspg_g/missing --run autoconf'
AUTOHEADER='${SHELL} /home/jadamek/WSNet/sfspg_g/missing --run autoheader'
AUTOMAKE='${SHELL} /home/jadamek/WSNet/sfspg_g/missing --run automake-1.11'
AWK='gawk'
CC='gcc'
CCDEPMODE='depmode=gcc3'
CFLAGS='-O2 -I/usr/local/wsnet-2.0 '
CPP='gcc -E'
CPPFLAGS=''
CYGPATH_W='echo'
DEFS='-DHAVE_CONFIG_H'
DEPDIR='.deps'
DSYMUTIL=''
DUMPBIN=''
ECHO_C=''
ECHO_N='-n'
ECHO_T=''
EGREP='/bin/grep -E'
EXEEXT=''
FGREP='/bin/grep -F'
GLIB_FLAGS='-pthread -I/usr/include/glib-2.0 -I/usr/lib/glib-2.0/include  '
GLIB_LIBS='-Wl,--export-dynamic -pthread -lgmodule-2.0 -lrt -lglib-2.0  '
GREP='/bin/grep'
INSTALL_DATA='${INSTALL} -m 644'
INSTALL_PROGRAM='${INSTALL}'
INSTALL_SCRIPT='${INSTALL}'
INSTALL_STRIP_PROGRAM='$(install_sh) -c -s'
LD='/usr/bin/ld'
LDFLAGS=''
LIBOBJS=''
LIBS=''
LIBTOOL='$(SHELL) $(top_builddir)/libtool'
LIPO=''
LN_S='ln -s'
LTLIBOBJS=''
MAKEINFO='${SHELL} /home/jadamek/WSNet/sfspg_g/missing --run makeinfo'
MKDIR_P='/bin/mkdir -p'
NM='/usr/bin/nm -B'
NMEDIT=''
OBJDUMP='objdump'
OBJEXT='o'
OTOOL64=''
OTOOL=''
PACKAGE='wsnet'
PACKAGE_BUGREPORT=''
PACKAGE_NAME='wsnet'
PACKAGE_STRING='wsnet 0.7cvs'
PACKAGE_TARNAME='wsnet'
PACKAGE_VERSION='0.7cvs'
PATH_SEPARATOR=':'
PKG_CONFIG='/usr/bin/pkg-config'
PKG_CONFIG_DIR=''
RANLIB='ranlib'
SED='/bin/sed'
SET_MAKE=''
SHELL='/bin/sh'
STRIP='strip'
VERSION='0.7cvs'
WSNET_DIR='/usr/local/wsnet-2.0'
ac_ct_CC='gcc'
ac_ct_DUMPBIN=''
am__EXEEXT_FALSE=''
am__EXEEXT_TRUE='#'
am__fastdepCC_FALSE='#'
am__fastdepCC_TRUE=''
am__include='include'
am__isrc=''
am__leading_dot='.'
am__quote=''
am__tar='${AMTAR} chof - "$$tardir"'
am__untar='${AMTAR} xf -'
bindir='${exec_prefix}/bin'
build='i686-pc-linux-gnu'
build_alias=''
build_cpu='i686'
build_os='linux-gnu'
build_vendor='pc'
datadir='${datarootdir}'
datarootdir='${prefix}/share'
docdir='${datarootdir}/doc/${PACKAGE_TARNAME}'
dvidir='${docdir}'
exec_prefix='${prefix}'
host='i686-pc-linux-gnu'
host_alias=''
host_cpu='i686'
host_os='linux-gnu'
host_vendor='pc'
htmldir='${docdir}'
includedir='${prefix}/include'
infodir='${datarootdir}/info'
install_sh='${SHELL} /home/jadamek/WSNet/sfspg_g/install-sh'
libdir='${exec_prefix}/lib'
libexecdir='${exec_prefix}/libexec'
localedir='${datarootdir}/locale'
localstatedir='${prefix}/var'
lt_ECHO='echo'
mandir='${datarootdir}/man'
mkdir_p='/bin/mkdir -p'
oldincludedir='/usr/include'
pdfdir='${docdir}'
prefix='/usr/local/wsnet-2.0'
program_transform_name='s,x,x,'
psdir='${docdir}'
sbindir='${exec_prefix}/sbin'
sharedstatedir='${prefix}/com'
sysconfdir='${prefix}/etc'
target='i686-pc-linux-gnu'
target_alias=''
target_cpu='i686'
target_os='linux-gnu'
target_vendor='pc'

## ----------- ##
## confdefs.h. ##
## ----------- ##

#define PACKAGE_NAME "wsnet"
#define PACKAGE_TARNAME "wsnet"
#define PACKAGE_VERSION "0.7cvs"
#define PACKAGE_STRING "wsnet 0.7cvs"
#define PACKAGE_BUGREPORT ""
#define PACKAGE "wsnet"
#define VERSION "0.7cvs"
#define STDC_HEADERS 1
#define HAVE_SYS_TYPES_H 1
#define HAVE_SYS_STAT_H 1
#define HAVE_STDLIB_H 1
#define HAVE_STRING_H 1
#define HAVE_MEMORY_H 1
#define HAVE_STRINGS_H 1
#define HAVE_INTTYPES_H 1
#define HAVE_STDINT_H 1
#define HAVE_UNISTD_H 1
#define HAVE_DLFCN_H 1
#define LT_OBJDIR ".libs/"

configure: exit 0

## ---------------------- ##
## Running config.status. ##
## ---------------------- ##

This file was extended by wsnet config.status 0.7cvs, which was
generated by GNU Autoconf 2.63.  Invocation command line was

  CONFIG_FILES    = 
  CONFIG_HEADERS  = 
  CONFIG_LINKS    = 
  CONFIG_COMMANDS = 
  $ ./config.status config.h

on jadamek1.cs.kent.edu

config.status:992: creating config.h
config.status:1214: config.h is unchanged
