This file contains any messages produced by compilers while
running configure, to aid debugging if configure makes a mistake.

It was created by wsnet-2.0 configure 0.7cvs, which was
generated by GNU Autoconf 2.63.  Invocation command line was

  $ ./configure 

## --------- ##
## Platform. ##
## --------- ##

hostname = jadamek1.cs.kent.edu
uname -m = i686
uname -r = 2.6.32-642.1.1.el6.i686
uname -s = Linux
uname -v = #1 SMP Tue May 31 20:41:01 UTC 2016

/usr/bin/uname -p = unknown
/bin/uname -X     = unknown

/bin/arch              = i686
/usr/bin/arch -k       = unknown
/usr/convex/getsysinfo = unknown
/usr/bin/hostinfo      = unknown
/bin/machine           = unknown
/usr/bin/oslevel       = unknown
/bin/universe          = unknown

PATH: /usr/lib/qt-3.3/bin
PATH: /usr/local/bin
PATH: /bin
PATH: /usr/bin
PATH: /usr/local/sbin
PATH: /usr/sbin
PATH: /sbin
PATH: /home/jadamek/bin


## ----------- ##
## Core tests. ##
## ----------- ##

configure:2122: checking build system type
configure:2140: result: i686-pc-linux-gnu
configure:2162: checking host system type
configure:2177: result: i686-pc-linux-gnu
configure:2199: checking target system type
configure:2214: result: i686-pc-linux-gnu
configure:2258: checking for a BSD-compatible install
configure:2326: result: /usr/bin/install -c
configure:2337: checking whether build environment is sane
configure:2397: result: yes
configure:2538: checking for a thread-safe mkdir -p
configure:2577: result: /bin/mkdir -p
configure:2590: checking for gawk
configure:2606: found /bin/gawk
configure:2617: result: gawk
configure:2628: checking whether make sets $(MAKE)
configure:2650: result: yes
configure:2753: checking for pkg-config
configure:2772: found /usr/bin/pkg-config
configure:2784: result: /usr/bin/pkg-config
configure:2936: checking for a BSD-compatible install
configure:3004: result: /usr/bin/install -c
configure:3056: checking for style of include used by make
configure:3084: result: GNU
configure:3154: checking for gcc
configure:3170: found /usr/bin/gcc
configure:3181: result: gcc
configure:3413: checking for C compiler version
configure:3421: gcc --version >&5
gcc (GCC) 4.4.7 20120313 (Red Hat 4.4.7-17)
Copyright (C) 2010 Free Software Foundation, Inc.
This is free software; see the source for copying conditions.  There is NO
warranty; not even for MERCHANTABILITY or FITNESS FOR A PARTICULAR PURPOSE.

configure:3425: $? = 0
configure:3432: gcc -v >&5
Using built-in specs.
Target: i686-redhat-linux
Configured with: ../configure --prefix=/usr --mandir=/usr/share/man --infodir=/usr/share/info --with-bugurl=http://bugzilla.redhat.com/bugzilla --enable-bootstrap --enable-shared --enable-threads=posix --enable-checking=release --with-system-zlib --enable-__cxa_atexit --disable-libunwind-exceptions --enable-gnu-unique-object --enable-languages=c,c++,objc,obj-c++,java,fortran,ada --enable-java-awt=gtk --disable-dssi --with-java-home=/usr/lib/jvm/java-1.5.0-gcj-1.5.0.0/jre --enable-libgcj-multifile --enable-java-maintainer-mode --with-ecj-jar=/usr/share/java/eclipse-ecj.jar --disable-libjava-multilib --with-ppl --with-cloog --with-tune=generic --with-arch=i686 --build=i686-redhat-linux
Thread model: posix
gcc version 4.4.7 20120313 (Red Hat 4.4.7-17) (GCC) 
configure:3436: $? = 0
configure:3443: gcc -V >&5
gcc: '-V' option must have argument
configure:3447: $? = 1
configure:3470: checking for C compiler default output file name
configure:3492: gcc -O2 -fno-strict-aliasing -Wall -Wextra -Wno-unused-parameter -Werror -DLIBDIR='"${exec_prefix}/lib"' -DDATADIR='"${datarootdir}"'    conftest.c  >&5
configure:3496: $? = 0
configure:3534: result: a.out
configure:3553: checking whether the C compiler works
configure:3563: ./a.out
configure:3567: $? = 0
configure:3586: result: yes
configure:3593: checking whether we are cross compiling
configure:3595: result: no
configure:3598: checking for suffix of executables
configure:3605: gcc -o conftest -O2 -fno-strict-aliasing -Wall -Wextra -Wno-unused-parameter -Werror -DLIBDIR='"${exec_prefix}/lib"' -DDATADIR='"${datarootdir}"'    conftest.c  >&5
configure:3609: $? = 0
configure:3635: result: 
configure:3641: checking for suffix of object files
configure:3667: gcc -c -O2 -fno-strict-aliasing -Wall -Wextra -Wno-unused-parameter -Werror -DLIBDIR='"${exec_prefix}/lib"' -DDATADIR='"${datarootdir}"'   conftest.c >&5
configure:3671: $? = 0
configure:3696: result: o
configure:3700: checking whether we are using the GNU C compiler
configure:3729: gcc -c -O2 -fno-strict-aliasing -Wall -Wextra -Wno-unused-parameter -Werror -DLIBDIR='"${exec_prefix}/lib"' -DDATADIR='"${datarootdir}"'   conftest.c >&5
configure:3736: $? = 0
configure:3753: result: yes
configure:3762: checking whether gcc accepts -g
configure:3792: gcc -c -g  conftest.c >&5
configure:3799: $? = 0
configure:3900: result: yes
configure:3917: checking for gcc option to accept ISO C89
configure:3991: gcc  -c -O2 -fno-strict-aliasing -Wall -Wextra -Wno-unused-parameter -Werror -DLIBDIR='"${exec_prefix}/lib"' -DDATADIR='"${datarootdir}"'   conftest.c >&5
configure:3998: $? = 0
configure:4021: result: none needed
configure:4041: checking dependency style of gcc
configure:4151: result: gcc3
configure:4166: checking for a sed that does not truncate output
configure:4232: result: /bin/sed
configure:4250: checking for grep that handles long lines and -e
configure:4310: result: /bin/grep
configure:4315: checking for egrep
configure:4379: result: /bin/grep -E
configure:4384: checking for fgrep
configure:4448: result: /bin/grep -F
configure:4483: checking for ld used by gcc
configure:4550: result: /usr/bin/ld
configure:4559: checking if the linker (/usr/bin/ld) is GNU ld
configure:4574: result: yes
configure:4586: checking for BSD- or MS-compatible name lister (nm)
configure:4635: result: /usr/bin/nm -B
configure:4753: checking the name lister (/usr/bin/nm -B) interface
configure:4760: gcc -c -O2 -fno-strict-aliasing -Wall -Wextra -Wno-unused-parameter -Werror -DLIBDIR='"${exec_prefix}/lib"' -DDATADIR='"${datarootdir}"'   conftest.c >&5
configure:4763: /usr/bin/nm -B "conftest.o"
configure:4766: output
00000000 B some_variable
configure:4773: result: BSD nm
configure:4776: checking whether ln -s works
configure:4780: result: yes
configure:4788: checking the maximum length of command line arguments
configure:4908: result: 1966080
configure:4925: checking whether the shell understands some XSI constructs
configure:4935: result: yes
configure:4939: checking whether the shell understands "+="
configure:4945: result: yes
configure:4980: checking for /usr/bin/ld option to reload object files
configure:4987: result: -r
configure:5056: checking for objdump
configure:5072: found /usr/bin/objdump
configure:5083: result: objdump
configure:5115: checking how to recognize dependent libraries
configure:5311: result: pass_all
configure:5371: checking for ar
configure:5387: found /usr/bin/ar
configure:5398: result: ar
configure:5476: checking for strip
configure:5492: found /usr/bin/strip
configure:5503: result: strip
configure:5575: checking for ranlib
configure:5591: found /usr/bin/ranlib
configure:5602: result: ranlib
configure:5692: checking command to parse /usr/bin/nm -B output from gcc object
configure:5810: gcc -c -O2 -fno-strict-aliasing -Wall -Wextra -Wno-unused-parameter -Werror -DLIBDIR='"${exec_prefix}/lib"' -DDATADIR='"${datarootdir}"'   conftest.c >&5
configure:5813: $? = 0
configure:5817: /usr/bin/nm -B conftest.o \| sed -n -e 's/^.*[	 ]\([ABCDGIRSTW][ABCDGIRSTW]*\)[	 ][	 ]*\([_A-Za-z][_A-Za-z0-9]*\)$/\1 \2 \2/p' \> conftest.nm
configure:5820: $? = 0
configure:5874: gcc -o conftest -O2 -fno-strict-aliasing -Wall -Wextra -Wno-unused-parameter -Werror -DLIBDIR='"${exec_prefix}/lib"' -DDATADIR='"${datarootdir}"'    conftest.c conftstm.o >&5
configure:5877: $? = 0
configure:5915: result: ok
configure:6782: checking how to run the C preprocessor
configure:6822: gcc -E  conftest.c
configure:6829: $? = 0
configure:6860: gcc -E  conftest.c
conftest.c:10:28: error: ac_nonexistent.h: No such file or directory
configure:6867: $? = 1
configure: failed program was:
| /* confdefs.h.  */
| #define PACKAGE_NAME "wsnet-2.0"
| #define PACKAGE_TARNAME "wsnet-2-0"
| #define PACKAGE_VERSION "0.7cvs"
| #define PACKAGE_STRING "wsnet-2.0 0.7cvs"
| #define PACKAGE_BUGREPORT ""
| #define PACKAGE "wsnet-2-0"
| #define VERSION "0.7cvs"
| /* end confdefs.h.  */
| #include <ac_nonexistent.h>
configure:6900: result: gcc -E
configure:6929: gcc -E  conftest.c
configure:6936: $? = 0
configure:6967: gcc -E  conftest.c
conftest.c:10:28: error: ac_nonexistent.h: No such file or directory
configure:6974: $? = 1
configure: failed program was:
| /* confdefs.h.  */
| #define PACKAGE_NAME "wsnet-2.0"
| #define PACKAGE_TARNAME "wsnet-2-0"
| #define PACKAGE_VERSION "0.7cvs"
| #define PACKAGE_STRING "wsnet-2.0 0.7cvs"
| #define PACKAGE_BUGREPORT ""
| #define PACKAGE "wsnet-2-0"
| #define VERSION "0.7cvs"
| /* end confdefs.h.  */
| #include <ac_nonexistent.h>
configure:7014: checking for ANSI C header files
configure:7044: gcc -c -O2 -fno-strict-aliasing -Wall -Wextra -Wno-unused-parameter -Werror -DLIBDIR='"${exec_prefix}/lib"' -DDATADIR='"${datarootdir}"'   conftest.c >&5
configure:7051: $? = 0
configure:7150: gcc -o conftest -O2 -fno-strict-aliasing -Wall -Wextra -Wno-unused-parameter -Werror -DLIBDIR='"${exec_prefix}/lib"' -DDATADIR='"${datarootdir}"'    conftest.c  >&5
configure:7154: $? = 0
configure:7160: ./conftest
configure:7164: $? = 0
configure:7182: result: yes
configure:7206: checking for sys/types.h
configure:7227: gcc -c -O2 -fno-strict-aliasing -Wall -Wextra -Wno-unused-parameter -Werror -DLIBDIR='"${exec_prefix}/lib"' -DDATADIR='"${datarootdir}"'   conftest.c >&5
configure:7234: $? = 0
configure:7251: result: yes
configure:7206: checking for sys/stat.h
configure:7227: gcc -c -O2 -fno-strict-aliasing -Wall -Wextra -Wno-unused-parameter -Werror -DLIBDIR='"${exec_prefix}/lib"' -DDATADIR='"${datarootdir}"'   conftest.c >&5
configure:7234: $? = 0
configure:7251: result: yes
configure:7206: checking for stdlib.h
configure:7227: gcc -c -O2 -fno-strict-aliasing -Wall -Wextra -Wno-unused-parameter -Werror -DLIBDIR='"${exec_prefix}/lib"' -DDATADIR='"${datarootdir}"'   conftest.c >&5
configure:7234: $? = 0
configure:7251: result: yes
configure:7206: checking for string.h
configure:7227: gcc -c -O2 -fno-strict-aliasing -Wall -Wextra -Wno-unused-parameter -Werror -DLIBDIR='"${exec_prefix}/lib"' -DDATADIR='"${datarootdir}"'   conftest.c >&5
configure:7234: $? = 0
configure:7251: result: yes
configure:7206: checking for memory.h
configure:7227: gcc -c -O2 -fno-strict-aliasing -Wall -Wextra -Wno-unused-parameter -Werror -DLIBDIR='"${exec_prefix}/lib"' -DDATADIR='"${datarootdir}"'   conftest.c >&5
configure:7234: $? = 0
configure:7251: result: yes
configure:7206: checking for strings.h
configure:7227: gcc -c -O2 -fno-strict-aliasing -Wall -Wextra -Wno-unused-parameter -Werror -DLIBDIR='"${exec_prefix}/lib"' -DDATADIR='"${datarootdir}"'   conftest.c >&5
configure:7234: $? = 0
configure:7251: result: yes
configure:7206: checking for inttypes.h
configure:7227: gcc -c -O2 -fno-strict-aliasing -Wall -Wextra -Wno-unused-parameter -Werror -DLIBDIR='"${exec_prefix}/lib"' -DDATADIR='"${datarootdir}"'   conftest.c >&5
configure:7234: $? = 0
configure:7251: result: yes
configure:7206: checking for stdint.h
configure:7227: gcc -c -O2 -fno-strict-aliasing -Wall -Wextra -Wno-unused-parameter -Werror -DLIBDIR='"${exec_prefix}/lib"' -DDATADIR='"${datarootdir}"'   conftest.c >&5
configure:7234: $? = 0
configure:7251: result: yes
configure:7206: checking for unistd.h
configure:7227: gcc -c -O2 -fno-strict-aliasing -Wall -Wextra -Wno-unused-parameter -Werror -DLIBDIR='"${exec_prefix}/lib"' -DDATADIR='"${datarootdir}"'   conftest.c >&5
configure:7234: $? = 0
configure:7251: result: yes
configure:7269: checking for dlfcn.h
configure:7290: gcc -c -O2 -fno-strict-aliasing -Wall -Wextra -Wno-unused-parameter -Werror -DLIBDIR='"${exec_prefix}/lib"' -DDATADIR='"${datarootdir}"'   conftest.c >&5
configure:7297: $? = 0
configure:7314: result: yes
configure:7498: checking for objdir
configure:7513: result: .libs
configure:7805: checking if gcc supports -fno-rtti -fno-exceptions
configure:7823: gcc -c -O2 -fno-strict-aliasing -Wall -Wextra -Wno-unused-parameter -Werror -DLIBDIR='"${exec_prefix}/lib"' -DDATADIR='"${datarootdir}"'   -fno-rtti -fno-exceptions conftest.c >&5
cc1: warnings being treated as errors
cc1: error: command line option "-fno-rtti" is valid for C++/ObjC++ but not for C
configure:7827: $? = 1
configure:7840: result: no
configure:7860: checking for gcc option to produce PIC
configure:8132: result: -fPIC -DPIC
configure:8144: checking if gcc PIC flag -fPIC -DPIC works
configure:8162: gcc -c -O2 -fno-strict-aliasing -Wall -Wextra -Wno-unused-parameter -Werror -DLIBDIR='"${exec_prefix}/lib"' -DDATADIR='"${datarootdir}"'   -fPIC -DPIC -DPIC conftest.c >&5
configure:8166: $? = 0
configure:8179: result: yes
configure:8203: checking if gcc static flag -static works
configure:8231: result: no
configure:8246: checking if gcc supports -c -o file.o
configure:8267: gcc -c -O2 -fno-strict-aliasing -Wall -Wextra -Wno-unused-parameter -Werror -DLIBDIR='"${exec_prefix}/lib"' -DDATADIR='"${datarootdir}"'   -o out/conftest2.o conftest.c >&5
configure:8271: $? = 0
configure:8293: result: yes
configure:8301: checking if gcc supports -c -o file.o
configure:8348: result: yes
configure:8381: checking whether the gcc linker (/usr/bin/ld) supports shared libraries
configure:9455: result: yes
configure:9492: checking whether -lc should be explicitly linked in
configure:9497: gcc -c -O2 -fno-strict-aliasing -Wall -Wextra -Wno-unused-parameter -Werror -DLIBDIR='"${exec_prefix}/lib"' -DDATADIR='"${datarootdir}"'   conftest.c >&5
configure:9500: $? = 0
configure:9515: gcc -shared conftest.o  -v -Wl,-soname -Wl,conftest -o conftest 2\>\&1 \| /bin/grep  -lc  \>/dev/null 2\>\&1
configure:9518: $? = 0
configure:9530: result: no
configure:9694: checking dynamic linker characteristics
configure:10137: gcc -o conftest -O2 -fno-strict-aliasing -Wall -Wextra -Wno-unused-parameter -Werror -DLIBDIR='"${exec_prefix}/lib"' -DDATADIR='"${datarootdir}"'    -Wl,-rpath -Wl,/foo conftest.c  >&5
configure:10144: $? = 0
configure:10380: result: GNU/Linux ld.so
configure:10482: checking how to hardcode library paths into programs
configure:10507: result: immediate
configure:10630: checking for shl_load
configure:10686: gcc -o conftest -O2 -fno-strict-aliasing -Wall -Wextra -Wno-unused-parameter -Werror -DLIBDIR='"${exec_prefix}/lib"' -DDATADIR='"${datarootdir}"'    conftest.c  >&5
/tmp/ccxdJhdA.o: In function `main':
conftest.c:(.text+0x7): undefined reference to `shl_load'
collect2: ld returned 1 exit status
configure:10693: $? = 1
configure: failed program was:
| /* confdefs.h.  */
| #define PACKAGE_NAME "wsnet-2.0"
| #define PACKAGE_TARNAME "wsnet-2-0"
| #define PACKAGE_VERSION "0.7cvs"
| #define PACKAGE_STRING "wsnet-2.0 0.7cvs"
| #define PACKAGE_BUGREPORT ""
| #define PACKAGE "wsnet-2-0"
| #define VERSION "0.7cvs"
| #define STDC_HEADERS 1
| #define HAVE_SYS_TYPES_H 1
| #define HAVE_SYS_STAT_H 1
| #define HAVE_STDLIB_H 1
| #define HAVE_STRING_H 1
| #define HAVE_MEMORY_H 1
| #define HAVE_STRINGS_H 1
| #define HAVE_INTTYPES_H 1
| #define HAVE_STDINT_H 1
| #define HAVE_UNISTD_H 1
| #define HAVE_DLFCN_H 1
| #define LT_OBJDIR ".libs/"
| /* end confdefs.h.  */
| /* Define shl_load to an innocuous variant, in case <limits.h> declares shl_load.
|    For example, HP-UX 11i <limits.h> declares gettimeofday.  */
| #define shl_load innocuous_shl_load
| 
| /* System header to define __stub macros and hopefully few prototypes,
|     which can conflict with char shl_load (); below.
|     Prefer <limits.h> to <assert.h> if __STDC__ is defined, since
|     <limits.h> exists even on freestanding compilers.  */
| 
| #ifdef __STDC__
| # include <limits.h>
| #else
| # include <assert.h>
| #endif
| 
| #undef shl_load
| 
| /* Override any GCC internal prototype to avoid an error.
|    Use char because int might match the return type of a GCC
|    builtin and then its argument prototype would still apply.  */
| #ifdef __cplusplus
| extern "C"
| #endif
| char shl_load ();
| /* The GNU C library defines this for functions which it implements
|     to always fail with ENOSYS.  Some functions are actually named
|     something starting with __ and the normal name is an alias.  */
| #if defined __stub_shl_load || defined __stub___shl_load
| choke me
| #endif
| 
| int
| main ()
| {
| return shl_load ();
|   ;
|   return 0;
| }
configure:10713: result: no
configure:10718: checking for shl_load in -ldld
configure:10753: gcc -o conftest -O2 -fno-strict-aliasing -Wall -Wextra -Wno-unused-parameter -Werror -DLIBDIR='"${exec_prefix}/lib"' -DDATADIR='"${datarootdir}"'    conftest.c -ldld   >&5
/usr/bin/ld: cannot find -ldld
collect2: ld returned 1 exit status
configure:10760: $? = 1
configure: failed program was:
| /* confdefs.h.  */
| #define PACKAGE_NAME "wsnet-2.0"
| #define PACKAGE_TARNAME "wsnet-2-0"
| #define PACKAGE_VERSION "0.7cvs"
| #define PACKAGE_STRING "wsnet-2.0 0.7cvs"
| #define PACKAGE_BUGREPORT ""
| #define PACKAGE "wsnet-2-0"
| #define VERSION "0.7cvs"
| #define STDC_HEADERS 1
| #define HAVE_SYS_TYPES_H 1
| #define HAVE_SYS_STAT_H 1
| #define HAVE_STDLIB_H 1
| #define HAVE_STRING_H 1
| #define HAVE_MEMORY_H 1
| #define HAVE_STRINGS_H 1
| #define HAVE_INTTYPES_H 1
| #define HAVE_STDINT_H 1
| #define HAVE_UNISTD_H 1
| #define HAVE_DLFCN_H 1
| #define LT_OBJDIR ".libs/"
| /* end confdefs.h.  */
| 
| /* Override any GCC internal prototype to avoid an error.
|    Use char because int might match the return type of a GCC
|    builtin and then its argument prototype would still apply.  */
| #ifdef __cplusplus
| extern "C"
| #endif
| char shl_load ();
| int
| main ()
| {
| return shl_load ();
|   ;
|   return 0;
| }
configure:10781: result: no
configure:10786: checking for dlopen
configure:10842: gcc -o conftest -O2 -fno-strict-aliasing -Wall -Wextra -Wno-unused-parameter -Werror -DLIBDIR='"${exec_prefix}/lib"' -DDATADIR='"${datarootdir}"'    conftest.c  >&5
/tmp/ccTfRfwE.o: In function `main':
conftest.c:(.text+0x7): undefined reference to `dlopen'
collect2: ld returned 1 exit status
configure:10849: $? = 1
configure: failed program was:
| /* confdefs.h.  */
| #define PACKAGE_NAME "wsnet-2.0"
| #define PACKAGE_TARNAME "wsnet-2-0"
| #define PACKAGE_VERSION "0.7cvs"
| #define PACKAGE_STRING "wsnet-2.0 0.7cvs"
| #define PACKAGE_BUGREPORT ""
| #define PACKAGE "wsnet-2-0"
| #define VERSION "0.7cvs"
| #define STDC_HEADERS 1
| #define HAVE_SYS_TYPES_H 1
| #define HAVE_SYS_STAT_H 1
| #define HAVE_STDLIB_H 1
| #define HAVE_STRING_H 1
| #define HAVE_MEMORY_H 1
| #define HAVE_STRINGS_H 1
| #define HAVE_INTTYPES_H 1
| #define HAVE_STDINT_H 1
| #define HAVE_UNISTD_H 1
| #define HAVE_DLFCN_H 1
| #define LT_OBJDIR ".libs/"
| /* end confdefs.h.  */
| /* Define dlopen to an innocuous variant, in case <limits.h> declares dlopen.
|    For example, HP-UX 11i <limits.h> declares gettimeofday.  */
| #define dlopen innocuous_dlopen
| 
| /* System header to define __stub macros and hopefully few prototypes,
|     which can conflict with char dlopen (); below.
|     Prefer <limits.h> to <assert.h> if __STDC__ is defined, since
|     <limits.h> exists even on freestanding compilers.  */
| 
| #ifdef __STDC__
| # include <limits.h>
| #else
| # include <assert.h>
| #endif
| 
| #undef dlopen
| 
| /* Override any GCC internal prototype to avoid an error.
|    Use char because int might match the return type of a GCC
|    builtin and then its argument prototype would still apply.  */
| #ifdef __cplusplus
| extern "C"
| #endif
| char dlopen ();
| /* The GNU C library defines this for functions which it implements
|     to always fail with ENOSYS.  Some functions are actually named
|     something starting with __ and the normal name is an alias.  */
| #if defined __stub_dlopen || defined __stub___dlopen
| choke me
| #endif
| 
| int
| main ()
| {
| return dlopen ();
|   ;
|   return 0;
| }
configure:10869: result: no
configure:10874: checking for dlopen in -ldl
configure:10909: gcc -o conftest -O2 -fno-strict-aliasing -Wall -Wextra -Wno-unused-parameter -Werror -DLIBDIR='"${exec_prefix}/lib"' -DDATADIR='"${datarootdir}"'    conftest.c -ldl   >&5
configure:10916: $? = 0
configure:10937: result: yes
configure:11114: checking whether a program can dlopen itself
configure:11184: gcc -o conftest -O2 -fno-strict-aliasing -Wall -Wextra -Wno-unused-parameter -Werror -DLIBDIR='"${exec_prefix}/lib"' -DDATADIR='"${datarootdir}"'   -DHAVE_DLFCN_H  -Wl,--export-dynamic conftest.c -ldl  >&5
cc1: warnings being treated as errors
configure: In function 'fnord':
configure:11165: error: unused variable 'i'
configure:11187: $? = 1
configure:11205: result: no
configure:11340: checking whether stripping libraries is possible
configure:11345: result: yes
configure:11380: checking if libtool supports shared libraries
configure:11382: result: yes
configure:11385: checking whether to build shared libraries
configure:11406: result: yes
configure:11409: checking whether to build static libraries
configure:11413: result: yes
configure:11496: checking for gcc
configure:11523: result: gcc
configure:11755: checking for C compiler version
configure:11763: gcc --version >&5
gcc (GCC) 4.4.7 20120313 (Red Hat 4.4.7-17)
Copyright (C) 2010 Free Software Foundation, Inc.
This is free software; see the source for copying conditions.  There is NO
warranty; not even for MERCHANTABILITY or FITNESS FOR A PARTICULAR PURPOSE.

configure:11767: $? = 0
configure:11774: gcc -v >&5
Using built-in specs.
Target: i686-redhat-linux
Configured with: ../configure --prefix=/usr --mandir=/usr/share/man --infodir=/usr/share/info --with-bugurl=http://bugzilla.redhat.com/bugzilla --enable-bootstrap --enable-shared --enable-threads=posix --enable-checking=release --with-system-zlib --enable-__cxa_atexit --disable-libunwind-exceptions --enable-gnu-unique-object --enable-languages=c,c++,objc,obj-c++,java,fortran,ada --enable-java-awt=gtk --disable-dssi --with-java-home=/usr/lib/jvm/java-1.5.0-gcj-1.5.0.0/jre --enable-libgcj-multifile --enable-java-maintainer-mode --with-ecj-jar=/usr/share/java/eclipse-ecj.jar --disable-libjava-multilib --with-ppl --with-cloog --with-tune=generic --with-arch=i686 --build=i686-redhat-linux
Thread model: posix
gcc version 4.4.7 20120313 (Red Hat 4.4.7-17) (GCC) 
configure:11778: $? = 0
configure:11785: gcc -V >&5
gcc: '-V' option must have argument
configure:11789: $? = 1
configure:11792: checking whether we are using the GNU C compiler
configure:11845: result: yes
configure:11854: checking whether gcc accepts -g
configure:11992: result: yes
configure:12009: checking for gcc option to accept ISO C89
configure:12113: result: none needed
configure:12133: checking dependency style of gcc
configure:12243: result: gcc3
configure:12259: checking whether gcc and cc understand -c and -o together
configure:12294: gcc -c conftest.c -o conftest2.o >&5
configure:12298: $? = 0
configure:12304: gcc -c conftest.c -o conftest2.o >&5
configure:12308: $? = 0
configure:12319: cc -c conftest.c >&5
configure:12323: $? = 0
configure:12331: cc -c conftest.c -o conftest2.o >&5
configure:12335: $? = 0
configure:12341: cc -c conftest.c -o conftest2.o >&5
configure:12345: $? = 0
configure:12363: result: yes
configure:12440: checking for gcj
configure:12456: found /usr/bin/gcj
configure:12467: result: gcj
configure:12501: checking dependency style of gcj
configure:12609: result: gcc3
configure:12735: checking dependency style of gcj
configure:12843: result: gcc3
configure:12936: checking if gcj supports -fno-rtti -fno-exceptions
configure:12971: result: no
configure:12988: checking for gcj option to produce PIC
configure:13260: result: -fPIC
configure:13269: checking if gcj PIC flag -fPIC works
configure:13287: gcj -c -O2 -fno-strict-aliasing -Wall -Wextra -Wno-unused-parameter -Werror -DLIBDIR='"${exec_prefix}/lib"' -DDATADIR='"${datarootdir}"'   -fPIC conftest.java >&5
gcj: can't specify '-D' without '--main'

configure:13291: $? = 1
configure:13304: result: no
configure:13325: checking if gcj static flag -static works
configure:13353: result: no
configure:13365: checking if gcj supports -c -o file.o
configure:13386: gcj -c -O2 -fno-strict-aliasing -Wall -Wextra -Wno-unused-parameter -Werror -DLIBDIR='"${exec_prefix}/lib"' -DDATADIR='"${datarootdir}"'   -o out/conftest2.o conftest.java >&5
gcj: can't specify '-D' without '--main'

configure:13390: $? = 1
configure:13412: result: no
configure:13417: checking if gcj supports -c -o file.o
configure:13464: result: no
configure:13494: checking whether the gcj linker (/usr/bin/ld) supports shared libraries
configure:14568: result: yes
configure:14705: checking how to hardcode library paths into programs
configure:14730: result: immediate
configure:14909: creating ./config.status

## ---------------------- ##
## Running config.status. ##
## ---------------------- ##

This file was extended by wsnet-2.0 config.status 0.7cvs, which was
generated by GNU Autoconf 2.63.  Invocation command line was

  CONFIG_FILES    = 
  CONFIG_HEADERS  = 
  CONFIG_LINKS    = 
  CONFIG_COMMANDS = 
  $ ./config.status 

on jadamek1.cs.kent.edu

config.status:1105: creating include/Makefile
config.status:1105: creating libraries/mem_fs/malloc/Makefile
config.status:1105: creating libraries/mem_fs/prealloc/Makefile
config.status:1105: creating libraries/mem_fs/Makefile
config.status:1105: creating libraries/das/list/Makefile
config.status:1105: creating libraries/das/Makefile
config.status:1105: creating libraries/sodas/list/Makefile
config.status:1105: creating libraries/sodas/heap/Makefile
config.status:1105: creating libraries/sodas/Makefile
config.status:1105: creating libraries/timer/Makefile
config.status:1105: creating libraries/hadas/hash/Makefile
config.status:1105: creating libraries/hadas/Makefile
config.status:1105: creating libraries/spadas/dbtree/Makefile
config.status:1105: creating libraries/spadas/flat/Makefile
config.status:1105: creating libraries/spadas/grid/Makefile
config.status:1105: creating libraries/spadas/Makefile
config.status:1105: creating libraries/worldsens/Makefile
config.status:1105: creating libraries/Makefile
config.status:1105: creating models/propagation/Makefile
config.status:1105: creating models/interferences/Makefile
config.status:1105: creating models/modulation/Makefile
config.status:1105: creating models/environment/Makefile
config.status:1105: creating models/monitor/Makefile
config.status:1105: creating models/application/data_d/lbdd/Makefile
config.status:1105: creating models/application/data_d/xy/Makefile
config.status:1105: creating models/application/data_d/ght/Makefile
config.status:1105: creating models/application/data_d/gossip/Makefile
config.status:1105: creating models/application/data_d/Makefile
config.status:1105: creating models/application/Makefile
config.status:1105: creating models/routing/Makefile
config.status:1105: creating models/mac/Makefile
config.status:1105: creating models/radio/Makefile
config.status:1105: creating models/antenna/Makefile
config.status:1105: creating models/mobility/Makefile
config.status:1105: creating models/energy/Makefile
config.status:1105: creating models/noise/Makefile
config.status:1105: creating models/Makefile
config.status:1105: creating src/scheduler/local/Makefile
config.status:1105: creating src/scheduler/distant/Makefile
config.status:1105: creating src/scheduler/Makefile
config.status:1105: creating src/Makefile
config.status:1105: creating utils/topogen/Makefile
config.status:1105: creating utils/replay/Makefile
config.status:1105: creating utils/matlab_functions/maps/Makefile
config.status:1105: creating utils/matlab_functions/Makefile
config.status:1105: creating utils/gnuplot_functions/activenodes/Makefile
config.status:1105: creating utils/gnuplot_functions/Makefile
config.status:1105: creating utils/scripts/Makefile
config.status:1105: creating utils/Makefile
config.status:1105: creating demo/Makefile
config.status:1105: creating doc/module_dev/Makefile
config.status:1105: creating doc/Makefile
config.status:1105: creating Makefile
config.status:1105: creating config.h
config.status:1327: config.h is unchanged
config.status:1379: executing depfiles commands
config.status:1379: executing libtool commands

## ---------------- ##
## Cache variables. ##
## ---------------- ##

ac_cv_build=i686-pc-linux-gnu
ac_cv_c_compiler_gnu=yes
ac_cv_env_CC_set=
ac_cv_env_CC_value=
ac_cv_env_CFLAGS_set=
ac_cv_env_CFLAGS_value=
ac_cv_env_CPPFLAGS_set=
ac_cv_env_CPPFLAGS_value=
ac_cv_env_CPP_set=
ac_cv_env_CPP_value=
ac_cv_env_GLIB_FLAGS_set=
ac_cv_env_GLIB_FLAGS_value=
ac_cv_env_GLIB_LIBS_set=
ac_cv_env_GLIB_LIBS_value=
ac_cv_env_GSL_FLAGS_set=
ac_cv_env_GSL_FLAGS_value=
ac_cv_env_GSL_LIBS_set=
ac_cv_env_GSL_LIBS_value=
ac_cv_env_LDFLAGS_set=
ac_cv_env_LDFLAGS_value=
ac_cv_env_LIBS_set=
ac_cv_env_LIBS_value=
ac_cv_env_PKG_CONFIG_DIR_set=
ac_cv_env_PKG_CONFIG_DIR_value=
ac_cv_env_XML_FLAGS_set=
ac_cv_env_XML_FLAGS_value=
ac_cv_env_XML_LIBS_set=
ac_cv_env_XML_LIBS_value=
ac_cv_env_build_alias_set=
ac_cv_env_build_alias_value=
ac_cv_env_host_alias_set=
ac_cv_env_host_alias_value=
ac_cv_env_target_alias_set=
ac_cv_env_target_alias_value=
ac_cv_func_dlopen=no
ac_cv_func_shl_load=no
ac_cv_header_dlfcn_h=yes
ac_cv_header_inttypes_h=yes
ac_cv_header_memory_h=yes
ac_cv_header_stdc=yes
ac_cv_header_stdint_h=yes
ac_cv_header_stdlib_h=yes
ac_cv_header_string_h=yes
ac_cv_header_strings_h=yes
ac_cv_header_sys_stat_h=yes
ac_cv_header_sys_types_h=yes
ac_cv_header_unistd_h=yes
ac_cv_host=i686-pc-linux-gnu
ac_cv_lib_dl_dlopen=yes
ac_cv_lib_dld_shl_load=no
ac_cv_objext=o
ac_cv_path_EGREP='/bin/grep -E'
ac_cv_path_FGREP='/bin/grep -F'
ac_cv_path_GREP=/bin/grep
ac_cv_path_PKG_CONFIG=/usr/bin/pkg-config
ac_cv_path_SED=/bin/sed
ac_cv_path_install='/usr/bin/install -c'
ac_cv_path_mkdir=/bin/mkdir
ac_cv_prog_AWK=gawk
ac_cv_prog_CPP='gcc -E'
ac_cv_prog_ac_ct_AR=ar
ac_cv_prog_ac_ct_CC=gcc
ac_cv_prog_ac_ct_GCJ=gcj
ac_cv_prog_ac_ct_OBJDUMP=objdump
ac_cv_prog_ac_ct_RANLIB=ranlib
ac_cv_prog_ac_ct_STRIP=strip
ac_cv_prog_cc_c89=
ac_cv_prog_cc_g=yes
ac_cv_prog_cc_gcc_c_o=yes
ac_cv_prog_make_make_set=yes
ac_cv_target=i686-pc-linux-gnu
am_cv_CC_dependencies_compiler_type=gcc3
am_cv_GCJ_dependencies_compiler_type=gcc3
lt_cv_deplibs_check_method=pass_all
lt_cv_dlopen=dlopen
lt_cv_dlopen_libs=-ldl
lt_cv_dlopen_self=no
lt_cv_file_magic_cmd='$MAGIC_CMD'
lt_cv_file_magic_test_file=
lt_cv_ld_reload_flag=-r
lt_cv_nm_interface='BSD nm'
lt_cv_objdir=.libs
lt_cv_path_LD=/usr/bin/ld
lt_cv_path_NM='/usr/bin/nm -B'
lt_cv_prog_compiler_c_o=yes
lt_cv_prog_compiler_c_o_GCJ=no
lt_cv_prog_compiler_pic_works=yes
lt_cv_prog_compiler_pic_works_GCJ=no
lt_cv_prog_compiler_rtti_exceptions=no
lt_cv_prog_compiler_static_works=no
lt_cv_prog_compiler_static_works_GCJ=no
lt_cv_prog_gnu_ld=yes
lt_cv_sys_global_symbol_pipe='sed -n -e '\''s/^.*[	 ]\([ABCDGIRSTW][ABCDGIRSTW]*\)[	 ][	 ]*\([_A-Za-z][_A-Za-z0-9]*\)$/\1 \2 \2/p'\'''
lt_cv_sys_global_symbol_to_c_name_address='sed -n -e '\''s/^: \([^ ]*\) $/  {\"\1\", (void *) 0},/p'\'' -e '\''s/^[ABCDGIRSTW]* \([^ ]*\) \([^ ]*\)$/  {"\2", (void *) \&\2},/p'\'''
lt_cv_sys_global_symbol_to_c_name_address_lib_prefix='sed -n -e '\''s/^: \([^ ]*\) $/  {\"\1\", (void *) 0},/p'\'' -e '\''s/^[ABCDGIRSTW]* \([^ ]*\) \(lib[^ ]*\)$/  {"\2", (void *) \&\2},/p'\'' -e '\''s/^[ABCDGIRSTW]* \([^ ]*\) \([^ ]*\)$/  {"lib\2", (void *) \&\2},/p'\'''
lt_cv_sys_global_symbol_to_cdecl='sed -n -e '\''s/^T .* \(.*\)$/extern int \1();/p'\'' -e '\''s/^[ABCDGIRSTW]* .* \(.*\)$/extern char \1;/p'\'''
lt_cv_sys_max_cmd_len=1966080

## ----------------- ##
## Output variables. ##
## ----------------- ##

ACLOCAL='${SHELL} /home/jadamek/WSNet/wsnet/missing --run aclocal-1.11'
AMDEPBACKSLASH='\'
AMDEP_FALSE='#'
AMDEP_TRUE=''
AMTAR='${SHELL} /home/jadamek/WSNet/wsnet/missing --run tar'
AR='ar'
AUTOCONF='${SHELL} /home/jadamek/WSNet/wsnet/missing --run autoconf'
AUTOHEADER='${SHELL} /home/jadamek/WSNet/wsnet/missing --run autoheader'
AUTOMAKE='${SHELL} /home/jadamek/WSNet/wsnet/missing --run automake-1.11'
AWK='gawk'
CC='gcc'
CCDEPMODE='depmode=gcc3'
CFLAGS='-O2 -fno-strict-aliasing -Wall -Wextra -Wno-unused-parameter -Werror -DLIBDIR='\''"${exec_prefix}/lib"'\'' -DDATADIR='\''"${datarootdir}"'\'' '
CPP='gcc -E'
CPPFLAGS=''
CYGPATH_W='echo'
DAS='list'
DEFS='-DHAVE_CONFIG_H'
DEPDIR='.deps'
DSYMUTIL=''
DUMPBIN=''
ECHO_C=''
ECHO_N='-n'
ECHO_T=''
EGREP='/bin/grep -E'
EXEEXT=''
FGREP='/bin/grep -F'
GCJ='gcj'
GCJDEPMODE='depmode=gcc3'
GCJFLAGS='-g -O2'
GLIB_FLAGS='-pthread -I/usr/include/glib-2.0 -I/usr/lib/glib-2.0/include  '
GLIB_LIBS='-Wl,--export-dynamic -pthread -lgmodule-2.0 -lrt -lglib-2.0  '
GREP='/bin/grep'
GSL_FLAGS=' '
GSL_LIBS='-lgsl -lgslcblas -lm  '
HADAS='hash'
INSTALL_DATA='${INSTALL} -m 644'
INSTALL_PROGRAM='${INSTALL}'
INSTALL_SCRIPT='${INSTALL}'
INSTALL_STRIP_PROGRAM='$(install_sh) -c -s'
LD='/usr/bin/ld'
LDFLAGS=''
LIBOBJS=''
LIBS=''
LIBTOOL='$(SHELL) $(top_builddir)/libtool'
LIPO=''
LN_S='ln -s'
LTLIBOBJS=''
MAKEINFO='${SHELL} /home/jadamek/WSNet/wsnet/missing --run makeinfo'
MEM_FS='prealloc'
MKDIR_P='/bin/mkdir -p'
NM='/usr/bin/nm -B'
NMEDIT=''
OBJDUMP='objdump'
OBJEXT='o'
OTOOL64=''
OTOOL=''
PACKAGE='wsnet-2-0'
PACKAGE_BUGREPORT=''
PACKAGE_NAME='wsnet-2.0'
PACKAGE_STRING='wsnet-2.0 0.7cvs'
PACKAGE_TARNAME='wsnet-2-0'
PACKAGE_VERSION='0.7cvs'
PATH_SEPARATOR=':'
PKG_CONFIG='/usr/bin/pkg-config'
PKG_CONFIG_DIR=''
RANLIB='ranlib'
SCHEDULER='distant'
SED='/bin/sed'
SET_MAKE=''
SHELL='/bin/sh'
SODAS='heap'
SPADAS='grid'
STRIP='strip'
VERSION='0.7cvs'
XML_FLAGS='-I/usr/include/libxml2  '
XML_LIBS='-lxml2  '
ac_ct_CC='gcc'
ac_ct_DUMPBIN=''
ac_ct_GCJ='gcj'
am__EXEEXT_FALSE=''
am__EXEEXT_TRUE='#'
am__fastdepCC_FALSE='#'
am__fastdepCC_TRUE=''
am__fastdepGCJ_FALSE='#'
am__fastdepGCJ_TRUE=''
am__include='include'
am__isrc=''
am__leading_dot='.'
am__quote=''
am__tar='${AMTAR} chof - "$$tardir"'
am__untar='${AMTAR} xf -'
bindir='${exec_prefix}/bin'
build='i686-pc-linux-gnu'
build_alias=''
build_cpu='i686'
build_os='linux-gnu'
build_vendor='pc'
datadir='${datarootdir}'
datarootdir='${prefix}/share'
docdir='${datarootdir}/doc/${PACKAGE_TARNAME}'
dvidir='${docdir}'
exec_prefix='${prefix}'
host='i686-pc-linux-gnu'
host_alias=''
host_cpu='i686'
host_os='linux-gnu'
host_vendor='pc'
htmldir='${docdir}'
includedir='${prefix}/include'
infodir='${datarootdir}/info'
install_sh='${SHELL} /home/jadamek/WSNet/wsnet/install-sh'
libdir='${exec_prefix}/lib'
libexecdir='${exec_prefix}/libexec'
localedir='${datarootdir}/locale'
localstatedir='${prefix}/var'
lt_ECHO='echo'
mandir='${datarootdir}/man'
mkdir_p='/bin/mkdir -p'
oldincludedir='/usr/include'
pdfdir='${docdir}'
prefix='/usr/local/wsnet-2.0'
program_transform_name='s,x,x,'
psdir='${docdir}'
sbindir='${exec_prefix}/sbin'
sharedstatedir='${prefix}/com'
sysconfdir='${prefix}/etc'
target='i686-pc-linux-gnu'
target_alias=''
target_cpu='i686'
target_os='linux-gnu'
target_vendor='pc'

## ----------- ##
## confdefs.h. ##
## ----------- ##

#define PACKAGE_NAME "wsnet-2.0"
#define PACKAGE_TARNAME "wsnet-2-0"
#define PACKAGE_VERSION "0.7cvs"
#define PACKAGE_STRING "wsnet-2.0 0.7cvs"
#define PACKAGE_BUGREPORT ""
#define PACKAGE "wsnet-2-0"
#define VERSION "0.7cvs"
#define STDC_HEADERS 1
#define HAVE_SYS_TYPES_H 1
#define HAVE_SYS_STAT_H 1
#define HAVE_STDLIB_H 1
#define HAVE_STRING_H 1
#define HAVE_MEMORY_H 1
#define HAVE_STRINGS_H 1
#define HAVE_INTTYPES_H 1
#define HAVE_STDINT_H 1
#define HAVE_UNISTD_H 1
#define HAVE_DLFCN_H 1
#define LT_OBJDIR ".libs/"

configure: exit 0
